cl : command line warning D9025: overriding '/sdl' with '/GS-'
  Source.cpp
C:\Users\HuuThuat\source\repos\BTL_KTLT\Main_Ver4\Source.cpp(73,11): warning C4996: 'getch': The POSIX name for this item is deprecated. Instead, use the ISO C and C++ conformant name: _getch. See online help for details.
C:\Users\HuuThuat\source\repos\BTL_KTLT\Main_Ver4\Source.cpp(246,13): warning C4996: 'getch': The POSIX name for this item is deprecated. Instead, use the ISO C and C++ conformant name: _getch. See online help for details.
C:\Users\HuuThuat\source\repos\BTL_KTLT\Main_Ver4\Source.cpp(250,14): warning C4996: 'getch': The POSIX name for this item is deprecated. Instead, use the ISO C and C++ conformant name: _getch. See online help for details.
C:\Users\HuuThuat\source\repos\BTL_KTLT\Main_Ver4\Source.cpp(314,2): warning C4996: 'scanf': This function or variable may be unsafe. Consider using scanf_s instead. To disable deprecation, use _CRT_SECURE_NO_WARNINGS. See online help for details.
C:\Users\HuuThuat\source\repos\BTL_KTLT\Main_Ver4\Source.cpp(319,3): warning C4996: 'scanf': This function or variable may be unsafe. Consider using scanf_s instead. To disable deprecation, use _CRT_SECURE_NO_WARNINGS. See online help for details.
C:\Users\HuuThuat\source\repos\BTL_KTLT\Main_Ver4\Source.cpp(324,3): warning C4996: 'scanf': This function or variable may be unsafe. Consider using scanf_s instead. To disable deprecation, use _CRT_SECURE_NO_WARNINGS. See online help for details.
C:\Users\HuuThuat\source\repos\BTL_KTLT\Main_Ver4\Source.cpp(326,3): warning C4996: 'scanf': This function or variable may be unsafe. Consider using scanf_s instead. To disable deprecation, use _CRT_SECURE_NO_WARNINGS. See online help for details.
C:\Users\HuuThuat\source\repos\BTL_KTLT\Main_Ver4\Source.cpp(1002,2): warning C4996: 'scanf': This function or variable may be unsafe. Consider using scanf_s instead. To disable deprecation, use _CRT_SECURE_NO_WARNINGS. See online help for details.
C:\Users\HuuThuat\source\repos\BTL_KTLT\Main_Ver4\Source.cpp(1107,16): warning C4996: 'fopen': This function or variable may be unsafe. Consider using fopen_s instead. To disable deprecation, use _CRT_SECURE_NO_WARNINGS. See online help for details.
C:\Users\HuuThuat\source\repos\BTL_KTLT\Main_Ver4\Source.cpp(1131,16): warning C4996: 'fopen': This function or variable may be unsafe. Consider using fopen_s instead. To disable deprecation, use _CRT_SECURE_NO_WARNINGS. See online help for details.
C:\Users\HuuThuat\source\repos\BTL_KTLT\Main_Ver4\Source.cpp(1159,16): warning C4996: 'fopen': This function or variable may be unsafe. Consider using fopen_s instead. To disable deprecation, use _CRT_SECURE_NO_WARNINGS. See online help for details.
C:\Users\HuuThuat\source\repos\BTL_KTLT\Main_Ver4\Source.cpp(1186,16): warning C4996: 'fopen': This function or variable may be unsafe. Consider using fopen_s instead. To disable deprecation, use _CRT_SECURE_NO_WARNINGS. See online help for details.
C:\Users\HuuThuat\source\repos\BTL_KTLT\Main_Ver4\Source.cpp(1214,16): warning C4996: 'fopen': This function or variable may be unsafe. Consider using fopen_s instead. To disable deprecation, use _CRT_SECURE_NO_WARNINGS. See online help for details.
C:\Users\HuuThuat\source\repos\BTL_KTLT\Main_Ver4\Source.cpp(1242,16): warning C4996: 'fopen': This function or variable may be unsafe. Consider using fopen_s instead. To disable deprecation, use _CRT_SECURE_NO_WARNINGS. See online help for details.
C:\Users\HuuThuat\source\repos\BTL_KTLT\Main_Ver4\Source.cpp(1283,12): warning C4996: 'fopen': This function or variable may be unsafe. Consider using fopen_s instead. To disable deprecation, use _CRT_SECURE_NO_WARNINGS. See online help for details.
C:\Users\HuuThuat\source\repos\BTL_KTLT\Main_Ver4\Source.cpp(1294,16): warning C4996: 'fopen': This function or variable may be unsafe. Consider using fopen_s instead. To disable deprecation, use _CRT_SECURE_NO_WARNINGS. See online help for details.
C:\Users\HuuThuat\source\repos\BTL_KTLT\Main_Ver4\Source.cpp(1334,16): warning C4996: 'fopen': This function or variable may be unsafe. Consider using fopen_s instead. To disable deprecation, use _CRT_SECURE_NO_WARNINGS. See online help for details.
C:\Users\HuuThuat\source\repos\BTL_KTLT\Main_Ver4\Source.cpp(1375,17): warning C4996: 'fopen': This function or variable may be unsafe. Consider using fopen_s instead. To disable deprecation, use _CRT_SECURE_NO_WARNINGS. See online help for details.
C:\Users\HuuThuat\source\repos\BTL_KTLT\Main_Ver4\Source.cpp(1415,17): warning C4996: 'fopen': This function or variable may be unsafe. Consider using fopen_s instead. To disable deprecation, use _CRT_SECURE_NO_WARNINGS. See online help for details.
C:\Users\HuuThuat\source\repos\BTL_KTLT\Main_Ver4\Source.cpp(1455,17): warning C4996: 'fopen': This function or variable may be unsafe. Consider using fopen_s instead. To disable deprecation, use _CRT_SECURE_NO_WARNINGS. See online help for details.
  Main_Ver4.vcxproj -> C:\Users\HuuThuat\source\repos\BTL_KTLT\Debug\Main_Ver4.exe
