  cl : Command line warning D9025 : overriding '/sdl' with '/GS-'
  main.c
C:\Users\HuuThuanBK\Desktop\Thuat\Code\06_02\Bai4\main.c(22,1): warning C4996:  'strcpy': This function or variable may be unsafe. Consider using strcpy_s instead. To disable deprecation, use _CRT_SECURE_NO_WARNINGS. See online help for details.
C:\Program Files (x86)\Windows Kits\10\Include\10.0.17763.0\ucrt\string.h(133): message :  see declaration of 'strcpy'
C:\Users\HuuThuanBK\Desktop\Thuat\Code\06_02\Bai4\main.c(27,1): warning C4996:  'strcpy': This function or variable may be unsafe. Consider using strcpy_s instead. To disable deprecation, use _CRT_SECURE_NO_WARNINGS. See online help for details.
C:\Program Files (x86)\Windows Kits\10\Include\10.0.17763.0\ucrt\string.h(133): message :  see declaration of 'strcpy'
C:\Users\HuuThuanBK\Desktop\Thuat\Code\06_02\Bai4\main.c(32,1): warning C4996:  'strcpy': This function or variable may be unsafe. Consider using strcpy_s instead. To disable deprecation, use _CRT_SECURE_NO_WARNINGS. See online help for details.
C:\Program Files (x86)\Windows Kits\10\Include\10.0.17763.0\ucrt\string.h(133): message :  see declaration of 'strcpy'
C:\Users\HuuThuanBK\Desktop\Thuat\Code\06_02\Bai4\main.c(16,6): warning C4101:  'tg': unreferenced local variable
C:\Users\HuuThuanBK\Desktop\Thuat\Code\06_02\Bai4\main.c(54,16): warning C4018:  '<': signed/unsigned mismatch
C:\Users\HuuThuanBK\Desktop\Thuat\Code\06_02\Bai4\main.c(62,7): warning C4013:  'gets' undefined; assuming extern returning int
C:\Users\HuuThuanBK\Desktop\Thuat\Code\06_02\Bai4\main.c(76,16): warning C4018:  '<': signed/unsigned mismatch
C:\Users\HuuThuanBK\Desktop\Thuat\Code\06_02\Bai4\main.c(90,16): warning C4018:  '<': signed/unsigned mismatch
C:\Users\HuuThuanBK\Desktop\Thuat\Code\06_02\Bai4\main.c(104,24): warning C4018:  '<=': signed/unsigned mismatch
C:\Users\HuuThuanBK\Desktop\Thuat\Code\06_02\Bai4\main.c(119,17): warning C4018:  '<': signed/unsigned mismatch
C:\Users\HuuThuanBK\Desktop\Thuat\Code\06_02\Bai4\main.c(137,17): warning C4018:  '<': signed/unsigned mismatch
C:\Users\HuuThuanBK\Desktop\Thuat\Code\06_02\Bai4\main.c(48,1): warning C4996:  'fopen': This function or variable may be unsafe. Consider using fopen_s instead. To disable deprecation, use _CRT_SECURE_NO_WARNINGS. See online help for details.
C:\Program Files (x86)\Windows Kits\10\Include\10.0.17763.0\ucrt\stdio.h(208): message :  see declaration of 'fopen'
C:\Users\HuuThuanBK\Desktop\Thuat\Code\06_02\Bai4\main.c(51,1): warning C4996:  'scanf': This function or variable may be unsafe. Consider using scanf_s instead. To disable deprecation, use _CRT_SECURE_NO_WARNINGS. See online help for details.
C:\Program Files (x86)\Windows Kits\10\Include\10.0.17763.0\ucrt\stdio.h(1274): message :  see declaration of 'scanf'
C:\Users\HuuThuanBK\Desktop\Thuat\Code\06_02\Bai4\main.c(64,1): warning C4996:  'scanf': This function or variable may be unsafe. Consider using scanf_s instead. To disable deprecation, use _CRT_SECURE_NO_WARNINGS. See online help for details.
C:\Program Files (x86)\Windows Kits\10\Include\10.0.17763.0\ucrt\stdio.h(1274): message :  see declaration of 'scanf'
C:\Users\HuuThuanBK\Desktop\Thuat\Code\06_02\Bai4\main.c(66,1): warning C4996:  'scanf': This function or variable may be unsafe. Consider using scanf_s instead. To disable deprecation, use _CRT_SECURE_NO_WARNINGS. See online help for details.
C:\Program Files (x86)\Windows Kits\10\Include\10.0.17763.0\ucrt\stdio.h(1274): message :  see declaration of 'scanf'
C:\Users\HuuThuanBK\Desktop\Thuat\Code\06_02\Bai4\main.c(103,1): warning C4996:  'scanf': This function or variable may be unsafe. Consider using scanf_s instead. To disable deprecation, use _CRT_SECURE_NO_WARNINGS. See online help for details.
C:\Program Files (x86)\Windows Kits\10\Include\10.0.17763.0\ucrt\stdio.h(1274): message :  see declaration of 'scanf'
C:\Users\HuuThuanBK\Desktop\Thuat\Code\06_02\Bai4\main.c(114,1): warning C4996:  'scanf': This function or variable may be unsafe. Consider using scanf_s instead. To disable deprecation, use _CRT_SECURE_NO_WARNINGS. See online help for details.
C:\Program Files (x86)\Windows Kits\10\Include\10.0.17763.0\ucrt\stdio.h(1274): message :  see declaration of 'scanf'
C:\Users\HuuThuanBK\Desktop\Thuat\Code\06_02\Bai4\main.c(116,1): warning C4996:  'scanf': This function or variable may be unsafe. Consider using scanf_s instead. To disable deprecation, use _CRT_SECURE_NO_WARNINGS. See online help for details.
C:\Program Files (x86)\Windows Kits\10\Include\10.0.17763.0\ucrt\stdio.h(1274): message :  see declaration of 'scanf'
C:\Users\HuuThuanBK\Desktop\Thuat\Code\06_02\Bai4\main.c(118,1): warning C4996:  'fopen': This function or variable may be unsafe. Consider using fopen_s instead. To disable deprecation, use _CRT_SECURE_NO_WARNINGS. See online help for details.
C:\Program Files (x86)\Windows Kits\10\Include\10.0.17763.0\ucrt\stdio.h(208): message :  see declaration of 'fopen'
C:\Users\HuuThuanBK\Desktop\Thuat\Code\06_02\Bai4\main.c(123,1): warning C4996:  'strcpy': This function or variable may be unsafe. Consider using strcpy_s instead. To disable deprecation, use _CRT_SECURE_NO_WARNINGS. See online help for details.
C:\Program Files (x86)\Windows Kits\10\Include\10.0.17763.0\ucrt\string.h(133): message :  see declaration of 'strcpy'
C:\Users\HuuThuanBK\Desktop\Thuat\Code\06_02\Bai4\main.c(128,1): warning C4996:  'strcpy': This function or variable may be unsafe. Consider using strcpy_s instead. To disable deprecation, use _CRT_SECURE_NO_WARNINGS. See online help for details.
C:\Program Files (x86)\Windows Kits\10\Include\10.0.17763.0\ucrt\string.h(133): message :  see declaration of 'strcpy'
C:\Users\HuuThuanBK\Desktop\Thuat\Code\06_02\Bai4\main.c(136,1): warning C4996:  'fopen': This function or variable may be unsafe. Consider using fopen_s instead. To disable deprecation, use _CRT_SECURE_NO_WARNINGS. See online help for details.
C:\Program Files (x86)\Windows Kits\10\Include\10.0.17763.0\ucrt\stdio.h(208): message :  see declaration of 'fopen'
  Bai4.vcxproj -> C:\Users\HuuThuanBK\Desktop\Thuat\Code\06_02\Debug\Bai4.exe
