cl : command line warning D9025: overriding '/sdl' with '/GS-'
  Source.cpp
C:\Users\HuuThuat\source\repos\BTL_KTLT\Main_Ver7\Source.cpp(82,13): warning C4996: 'fopen': This function or variable may be unsafe. Consider using fopen_s instead. To disable deprecation, use _CRT_SECURE_NO_WARNINGS. See online help for details.
C:\Users\HuuThuat\source\repos\BTL_KTLT\Main_Ver7\Source.cpp(91,11): warning C4996: 'getch': The POSIX name for this item is deprecated. Instead, use the ISO C and C++ conformant name: _getch. See online help for details.
C:\Users\HuuThuat\source\repos\BTL_KTLT\Main_Ver7\Source.cpp(130,17): warning C4996: 'fopen': This function or variable may be unsafe. Consider using fopen_s instead. To disable deprecation, use _CRT_SECURE_NO_WARNINGS. See online help for details.
C:\Users\HuuThuat\source\repos\BTL_KTLT\Main_Ver7\Source.cpp(149,17): warning C4996: 'fopen': This function or variable may be unsafe. Consider using fopen_s instead. To disable deprecation, use _CRT_SECURE_NO_WARNINGS. See online help for details.
C:\Users\HuuThuat\source\repos\BTL_KTLT\Main_Ver7\Source.cpp(179,18): warning C4996: 'fopen': This function or variable may be unsafe. Consider using fopen_s instead. To disable deprecation, use _CRT_SECURE_NO_WARNINGS. See online help for details.
C:\Users\HuuThuat\source\repos\BTL_KTLT\Main_Ver7\Source.cpp(198,17): warning C4996: 'fopen': This function or variable may be unsafe. Consider using fopen_s instead. To disable deprecation, use _CRT_SECURE_NO_WARNINGS. See online help for details.
C:\Users\HuuThuat\source\repos\BTL_KTLT\Main_Ver7\Source.cpp(217,17): warning C4996: 'fopen': This function or variable may be unsafe. Consider using fopen_s instead. To disable deprecation, use _CRT_SECURE_NO_WARNINGS. See online help for details.
C:\Users\HuuThuat\source\repos\BTL_KTLT\Main_Ver7\Source.cpp(235,17): warning C4996: 'fopen': This function or variable may be unsafe. Consider using fopen_s instead. To disable deprecation, use _CRT_SECURE_NO_WARNINGS. See online help for details.
C:\Users\HuuThuat\source\repos\BTL_KTLT\Main_Ver7\Source.cpp(247,17): warning C4996: 'fopen': This function or variable may be unsafe. Consider using fopen_s instead. To disable deprecation, use _CRT_SECURE_NO_WARNINGS. See online help for details.
C:\Users\HuuThuat\source\repos\BTL_KTLT\Main_Ver7\Source.cpp(277,18): warning C4996: 'fopen': This function or variable may be unsafe. Consider using fopen_s instead. To disable deprecation, use _CRT_SECURE_NO_WARNINGS. See online help for details.
C:\Users\HuuThuat\source\repos\BTL_KTLT\Main_Ver7\Source.cpp(312,17): warning C4996: 'fopen': This function or variable may be unsafe. Consider using fopen_s instead. To disable deprecation, use _CRT_SECURE_NO_WARNINGS. See online help for details.
C:\Users\HuuThuat\source\repos\BTL_KTLT\Main_Ver7\Source.cpp(326,13): warning C4996: 'getch': The POSIX name for this item is deprecated. Instead, use the ISO C and C++ conformant name: _getch. See online help for details.
C:\Users\HuuThuat\source\repos\BTL_KTLT\Main_Ver7\Source.cpp(330,14): warning C4996: 'getch': The POSIX name for this item is deprecated. Instead, use the ISO C and C++ conformant name: _getch. See online help for details.
C:\Users\HuuThuat\source\repos\BTL_KTLT\Main_Ver7\Source.cpp(393,2): warning C4996: 'scanf': This function or variable may be unsafe. Consider using scanf_s instead. To disable deprecation, use _CRT_SECURE_NO_WARNINGS. See online help for details.
C:\Users\HuuThuat\source\repos\BTL_KTLT\Main_Ver7\Source.cpp(399,3): warning C4996: 'scanf': This function or variable may be unsafe. Consider using scanf_s instead. To disable deprecation, use _CRT_SECURE_NO_WARNINGS. See online help for details.
C:\Users\HuuThuat\source\repos\BTL_KTLT\Main_Ver7\Source.cpp(406,3): warning C4996: 'scanf': This function or variable may be unsafe. Consider using scanf_s instead. To disable deprecation, use _CRT_SECURE_NO_WARNINGS. See online help for details.
C:\Users\HuuThuat\source\repos\BTL_KTLT\Main_Ver7\Source.cpp(408,3): warning C4996: 'scanf': This function or variable may be unsafe. Consider using scanf_s instead. To disable deprecation, use _CRT_SECURE_NO_WARNINGS. See online help for details.
C:\Users\HuuThuat\source\repos\BTL_KTLT\Main_Ver7\Source.cpp(1118,77): warning C4244: 'argument': conversion from 'double' to 'int', possible loss of data
C:\Users\HuuThuat\source\repos\BTL_KTLT\Main_Ver7\Source.cpp(1193,2): warning C4996: 'scanf': This function or variable may be unsafe. Consider using scanf_s instead. To disable deprecation, use _CRT_SECURE_NO_WARNINGS. See online help for details.
C:\Users\HuuThuat\source\repos\BTL_KTLT\Main_Ver7\Source.cpp(1272,16): warning C4996: 'fopen': This function or variable may be unsafe. Consider using fopen_s instead. To disable deprecation, use _CRT_SECURE_NO_WARNINGS. See online help for details.
C:\Users\HuuThuat\source\repos\BTL_KTLT\Main_Ver7\Source.cpp(1351,16): warning C4996: 'fopen': This function or variable may be unsafe. Consider using fopen_s instead. To disable deprecation, use _CRT_SECURE_NO_WARNINGS. See online help for details.
C:\Users\HuuThuat\source\repos\BTL_KTLT\Main_Ver7\Source.cpp(1432,16): warning C4996: 'fopen': This function or variable may be unsafe. Consider using fopen_s instead. To disable deprecation, use _CRT_SECURE_NO_WARNINGS. See online help for details.
C:\Users\HuuThuat\source\repos\BTL_KTLT\Main_Ver7\Source.cpp(1508,16): warning C4996: 'fopen': This function or variable may be unsafe. Consider using fopen_s instead. To disable deprecation, use _CRT_SECURE_NO_WARNINGS. See online help for details.
C:\Users\HuuThuat\source\repos\BTL_KTLT\Main_Ver7\Source.cpp(1589,16): warning C4996: 'fopen': This function or variable may be unsafe. Consider using fopen_s instead. To disable deprecation, use _CRT_SECURE_NO_WARNINGS. See online help for details.
C:\Users\HuuThuat\source\repos\BTL_KTLT\Main_Ver7\Source.cpp(1655,16): warning C4996: 'fopen': This function or variable may be unsafe. Consider using fopen_s instead. To disable deprecation, use _CRT_SECURE_NO_WARNINGS. See online help for details.
C:\Users\HuuThuat\source\repos\BTL_KTLT\Main_Ver7\Source.cpp(1998,12): warning C4996: 'fopen': This function or variable may be unsafe. Consider using fopen_s instead. To disable deprecation, use _CRT_SECURE_NO_WARNINGS. See online help for details.
C:\Users\HuuThuat\source\repos\BTL_KTLT\Main_Ver7\Source.cpp(2011,16): warning C4996: 'fopen': This function or variable may be unsafe. Consider using fopen_s instead. To disable deprecation, use _CRT_SECURE_NO_WARNINGS. See online help for details.
C:\Users\HuuThuat\source\repos\BTL_KTLT\Main_Ver7\Source.cpp(2066,16): warning C4996: 'fopen': This function or variable may be unsafe. Consider using fopen_s instead. To disable deprecation, use _CRT_SECURE_NO_WARNINGS. See online help for details.
C:\Users\HuuThuat\source\repos\BTL_KTLT\Main_Ver7\Source.cpp(2123,17): warning C4996: 'fopen': This function or variable may be unsafe. Consider using fopen_s instead. To disable deprecation, use _CRT_SECURE_NO_WARNINGS. See online help for details.
C:\Users\HuuThuat\source\repos\BTL_KTLT\Main_Ver7\Source.cpp(2180,17): warning C4996: 'fopen': This function or variable may be unsafe. Consider using fopen_s instead. To disable deprecation, use _CRT_SECURE_NO_WARNINGS. See online help for details.
C:\Users\HuuThuat\source\repos\BTL_KTLT\Main_Ver7\Source.cpp(2236,17): warning C4996: 'fopen': This function or variable may be unsafe. Consider using fopen_s instead. To disable deprecation, use _CRT_SECURE_NO_WARNINGS. See online help for details.
  Main_Ver7.vcxproj -> C:\Users\HuuThuat\source\repos\BTL_KTLT\Debug\Main_Ver7.exe
